PG10000	english	1491	1488	14140	1348
PG10001	english	529	526	5468	1563
PG10002	english	5266	5263	50831	4847
PG10003	english	5912	5906	60847	5759
PG10004	english	4941	4936	47446	6290
PG10005	english	6893	6888	70138	7442
PG10006	english	1164	1159	13193	2809
PG10007	english	3347	3344	27281	3918
PG10008	english	8733	8727	65413	7342
PG10009	english	8083	8078	86290	7464
PG1000	italian	19875	19872	88446	11834
PG10010	english	1033	1028	10680	2436
PG10011	english	3461	3456	21512	925
PG10012	english	8848	8845	88618	7830
PG10013	english	2113	2107	12634	3126
PG10014	english	2435	2429	13760	3741
PG10015	english	2259	2253	12971	3409
PG10016	english	2403	2397	14286	3783
PG10017	english	2239	2233	12831	3389
PG10018	english	2320	2314	12978	3224
PG10019	english	2318	2312	12968	3748
PG1001	english	6569	6566	36961	5122
PG10020	english	5203	5200	44090	5894
PG10021	english	6890	6887	50164	4603
PG10022	english	4392	4386	38162	2708
PG10023	english	3165	3159	35126	5953
PG10024	english	6021	6016	49158	5822
PG10025	english	9219	9214	65489	6659
PG10026	english	1508	1498	12396	3455
PG10027	english	8642	8639	71132	5959
PG10028	english	4946	4940	37950	4140
PG10029	english	6473	6468	51218	4342
PG1002	english	6618	6615	36788	5030
PG10030	english	10364	10358	100166	6269
PG10031	english	9941	9938	59726	7828
PG10032	english	2200	2194	13105	3432
PG10033	english	2225	2219	13508	3437
PG10034	english	2465	2459	12805	3572
PG10035	english	2329	2323	13689	3535
PG10036	english	2357	2351	13204	3400
PG10037	english	7802	7797	65675	7042
PG10038	english	20835	20829	149550	10806
PG10039	english	23130	23125	125094	8799
PG1003	english	6731	6728	36996	5147
PG10040	english	627	622	1327	647
PG10041	english	8713	8707	71802	8259
PG10042	english	7728	7722	70931	6918
PG10043	english	2900	2895	28331	3349
PG10044	english	5205	5197	43659	5674
PG10045	english	5844	5838	36826	4235
PG10046	english	9382	9377	91457	8182
PG10047	english	2364	2358	14587	3708
PG10048	english	5803	5797	41786	3738
PG10049	english	2560	2555	27179	2913
PG1004	english	19999	19996	110724	9559
PG10050	english	2417	2412	26727	2133
PG10051	english	3659	3653	41714	3694
PG10052	english	3093	3087	34078	3734
PG10053	french	13254	13244	79747	9796
PG10054	english	501	483	2705	1329
PG10055	german	17363	17325	150123	16920
PG10056	english	11587	11582	85052	7939
PG10057	english	5846	5841	50679	5464
PG10058	english	7901	7896	69237	7121
PG10059	english	6232	6227	48109	5728
PG1005	english	5344	5341	33711	5110
PG10060	english	9535	9530	93268	8679
PG10061	french	735	730	3546	1071
PG10062	english	15218	15213	140872	11469
PG10063	english	2268	2263	20448	2909
PG10064	english	21348	21343	173198	7850
PG10065	english	3612	3606	33250	4918
PG10066	english	10261	10256	79661	6174
PG10067	english	9140	9134	67661	5173
PG10068	english	10167	10162	90774	7844
PG10069	english	946	940	7771	2106
PG1006	english	5272	5269	33828	4999
PG10070	english	3686	3683	27635	2263
PG10071	english	2958	2953	29448	5871
PG10072	english	7829	7824	61118	1974
PG10073	english	12361	12355	85178	13672
PG10074	english	1487	1477	12252	3382
PG10075	english	911	908	9856	1849
PG10076	english	8983	8980	76375	5151
PG10077	english	8858	8855	81575	9034
PG10078	english	1015	1012	10332	2094
PG10079	english	8753	8750	83764	10940
PG1007	english	5090	5087	33295	5042
PG10080	english	4268	4265	37701	5440
PG10081	english	7647	7644	50313	3706
PG10082	english	11655	11652	107345	6697
PG10083	english	12933	12930	107062	7092
PG10084	english	6397	6392	65470	4588
PG10085	english	12099	12094	90441	8084
PG10086	english	9435	9432	85052	5391
PG10087	english	3723	3720	31056	4638
PG10088	english	9405	9402	90767	10511
PG10089	english	2714	2707	15388	3000
PG1008	english	21957	21954	138233	13395
PG10090	english	8576	8571	74469	6113
